RXSDK/RXSDK-Android/demo/app_demo_wechat/build/intermediates/manifest_merge_blame_file/debug/manifest-merger-blame-debug-report.txt
1<?xml version="1.0" encoding="utf-8"?>
2<manifest xmlns:android="http://schemas.android.com/apk/res/android"
3    package="com.ruixue.demo.wechat" >
4
5    <uses-sdk android:minSdkVersion="21" />
5-->src/main/AndroidManifest.xml
6
7    <application>
7-->src/main/AndroidManifest.xml:5:5-37:19
8        <activity
8-->src/main/AndroidManifest.xml:7:9-14:20
9            android:name="com.ruixue.demo.wechat.ShareDemoActivity"
9-->src/main/AndroidManifest.xml:8:13-68
10            android:configChanges="orientation|keyboardHidden|screenSize"
10-->src/main/AndroidManifest.xml:10:13-74
11            android:enabled="true"
11-->src/main/AndroidManifest.xml:9:14-36
12            android:screenOrientation="sensor"
12-->src/main/AndroidManifest.xml:11:13-47
13            android:theme="@style/Theme.AppCompat.Light.NoActionBar" >
13-->src/main/AndroidManifest.xml:12:13-69
14        </activity>
15
16        <!-- 微信回调activity -->
17        <activity
17-->src/main/AndroidManifest.xml:17:9-22:75
18            android:name="com.ruixue.wechat.WXEntryActivity"
18-->src/main/AndroidManifest.xml:18:13-61
19            android:enabled="true"
19-->src/main/AndroidManifest.xml:19:13-35
20            android:exported="true"
20-->src/main/AndroidManifest.xml:20:13-36
21            android:launchMode="singleTask"
21-->src/main/AndroidManifest.xml:21:13-44
22            android:theme="@android:style/Theme.Translucent.NoTitleBar" /> <!-- 微信支付回调activity别名类，和微信登录，微信分享的类名不一样 -->
22-->src/main/AndroidManifest.xml:22:13-72
23        <activity-alias
23-->src/main/AndroidManifest.xml:31:9-35:74
24            android:name="${applicationId}.wxapi.WXPayEntryActivity"
24-->src/main/AndroidManifest.xml:32:13-69
25            android:enabled="true"
25-->src/main/AndroidManifest.xml:33:13-35
26            android:exported="true"
26-->src/main/AndroidManifest.xml:34:13-36
27            android:targetActivity="com.ruixue.wechat.WXEntryActivity" /> <!-- 微信回调activity别名类，因为微信需要回调到指定包名指定类名，所以设置别名 -->
27-->src/main/AndroidManifest.xml:35:13-71
28        <activity-alias
28-->src/main/AndroidManifest.xml:25:9-29:74
29            android:name="${applicationId}.wxapi.WXEntryActivity"
29-->src/main/AndroidManifest.xml:26:13-66
30            android:enabled="true"
30-->src/main/AndroidManifest.xml:27:13-35
31            android:exported="true"
31-->src/main/AndroidManifest.xml:28:13-36
32            android:targetActivity="com.ruixue.wechat.WXEntryActivity" />
32-->src/main/AndroidManifest.xml:29:13-71
33    </application>
34
35</manifest>